17:24:40.913 request:
1 > POST http://dummy.restapiexample.com/api/v1/create
1 > Accept-Encoding: gzip,deflate
1 > Connection: Keep-Alive
1 > Content-Length: 55
1 > Content-Type: application/json; charset=UTF-8
1 > Host: dummy.restapiexample.com
1 > User-Agent: Apache-HttpClient/4.5.5 (Java/1.8.0_221)
{"name":"Auto_1568737480140","salary":"123","age":"23"}

17:24:42.107 response time in milliseconds: 1190.78
1 < 200
1 < Access-Control-Allow-Origin: *
1 < Access-Control-Expose-Headers: Content-Type, X-Requested-With, X-authentication, X-client
1 < Cache-Control: no-store, no-cache, must-revalidate
1 < Content-Type: text/html; charset=UTF-8
1 < Date: Tue, 17 Sep 2019 16:23:56 GMT
1 < Expires: Thu, 19 Nov 1981 08:52:00 GMT
1 < Pragma: no-cache
1 < Proxy-Connection: Keep-Alive
1 < Referrer-Policy: 
1 < Server: Apache
1 < Set-Cookie: PHPSESSID=760e4dff67c0d632f8b9d0c715a1af81; path=/
1 < Transfer-Encoding: chunked
1 < X-MFE-SAFE-SEARCH: enabled
1 < X-MFE-STATIC-RULES: true
{"name":"Auto_1568737480140","salary":"123","age":"23","id":"41749"}

17:24:42.126 request:
2 > GET http://dummy.restapiexample.com/api/v1/employee/41749
2 > Accept-Encoding: gzip,deflate
2 > Connection: Keep-Alive
2 > Content-Type: application/json
2 > Cookie: PHPSESSID=760e4dff67c0d632f8b9d0c715a1af81
2 > Host: dummy.restapiexample.com
2 > User-Agent: Apache-HttpClient/4.5.5 (Java/1.8.0_221)

17:24:43.530 response time in milliseconds: 1402.57
2 < 200
2 < Access-Control-Allow-Origin: *
2 < Access-Control-Expose-Headers: Content-Type, X-Requested-With, X-authentication, X-client
2 < Cache-Control: no-store, no-cache, must-revalidate
2 < Content-Type: text/html; charset=UTF-8
2 < Date: Tue, 17 Sep 2019 16:23:58 GMT
2 < Expires: Thu, 19 Nov 1981 08:52:00 GMT
2 < Pragma: no-cache
2 < Proxy-Connection: Keep-Alive
2 < Referrer-Policy: 
2 < Server: Apache
2 < Transfer-Encoding: chunked
2 < X-MFE-SAFE-SEARCH: enabled
2 < X-MFE-STATIC-RULES: true
{"id":"41749","employee_name":"Auto_1568737480140","employee_salary":"123","employee_age":"23","profile_image":""}

}

15:51:38.355 [print] {
  "id": "111130",
  "employee_name": "Auto_1567522294913",
  "employee_salary": "123",
  "employee_age": "23",
  "profile_image": ""
}

